<?xml version="1.0" encoding="UTF-8"?>
<!-- Generated by org.testng.reporters.JUnitXMLReporter -->
<testsuite ignored="0" hostname="Hrushikeshs-Air" failures="0" tests="2" name="QABrain Site EcommerceTest" time="26.722" errors="0" timestamp="2026-02-05T02:22:01 IST">
  <testcase classname="io.cucumber.testng.AbstractTestNGCucumberTests" name="runScenario" time="13.552"/>
  <testcase classname="io.cucumber.testng.AbstractTestNGCucumberTests" name="runScenario" time="13.065"/>
</testsuite> <!-- QABrain Site EcommerceTest -->
