<?xml version="1.0" encoding="UTF-8"?>
<!-- Generated by org.testng.reporters.JUnitXMLReporter -->
<testsuite ignored="0" hostname="Hrushikeshs-Air" failures="0" tests="2" name="QABrain Site LoginTest2" time="15.953" errors="0" timestamp="2026-01-15T03:36:56 IST">
  <testcase classname="io.cucumber.testng.AbstractTestNGCucumberTests" name="runScenario" time="7.587"/>
  <testcase classname="io.cucumber.testng.AbstractTestNGCucumberTests" name="runScenario" time="8.289"/>
</testsuite> <!-- QABrain Site LoginTest2 -->
