<?xml version="1.0" encoding="UTF-8"?>
<!-- Generated by org.testng.reporters.JUnitXMLReporter -->
<testsuite ignored="0" hostname="Hrushikeshs-Air" failures="0" tests="2" name="QABrain Site EcommerceTest" time="29.637" errors="0" timestamp="2026-02-04T18:51:41 IST">
  <testcase classname="io.cucumber.testng.AbstractTestNGCucumberTests" name="runScenario" time="14.87"/>
  <testcase classname="io.cucumber.testng.AbstractTestNGCucumberTests" name="runScenario" time="14.681"/>
</testsuite> <!-- QABrain Site EcommerceTest -->
