<?xml version="1.0" encoding="UTF-8"?>
<testng-results ignored="0" total="2" passed="2" failed="0" skipped="0">
  <reporter-output>
  </reporter-output>
  <suite started-at="2026-02-04T23:11:01 IST" name="Suite" finished-at="2026-02-04T23:11:28 IST" duration-ms="26707">
    <groups>
      <group name="cucumber">
        <method signature="AbstractTestNGCucumberTests.runScenario(io.cucumber.testng.PickleWrapper,io.cucumber.testng.FeatureWrapper)[pri:0, instance:org.qabrains.runner.qa.LoginTestRunner@5395ea39]" name="runScenario" class="io.cucumber.testng.AbstractTestNGCucumberTests"/>
      </group> <!-- cucumber -->
    </groups>
    <test started-at="2026-02-04T23:11:01 IST" name="QABrain Site LoginTest" finished-at="2026-02-04T23:11:28 IST" duration-ms="26707">
      <class name="org.qabrains.runner.qa.LoginTestRunner">
        <test-method is-config="true" signature="setUpClass(org.testng.ITestContext)[pri:0, instance:org.qabrains.runner.qa.LoginTestRunner@5395ea39]" started-at="2026-02-04T23:11:01 IST" name="setUpClass" finished-at="2026-02-04T23:11:02 IST" duration-ms="1322" status="PASS">
          <params>
            <param index="0">
              <value>
                <![CDATA[org.testng.TestRunner@79295932]]>
              </value>
            </param>
          </params>
          <reporter-output>
          </reporter-output>
        </test-method> <!-- setUpClass -->
        <test-method signature="runScenario(io.cucumber.testng.PickleWrapper,io.cucumber.testng.FeatureWrapper)[pri:0, instance:org.qabrains.runner.qa.LoginTestRunner@5395ea39]" started-at="2026-02-04T23:11:03 IST" name="runScenario" description="Runs Cucumber Scenarios" data-provider="scenarios" finished-at="2026-02-04T23:11:18 IST" duration-ms="15726" status="PASS">
          <params>
            <param index="0">
              <value>
                <![CDATA["Login with multiple data of Excel"]]>
              </value>
            </param>
            <param index="1">
              <value>
                <![CDATA["Login Functionality  of QABrains site"]]>
              </value>
            </param>
          </params>
          <reporter-output>
          </reporter-output>
        </test-method> <!-- runScenario -->
        <test-method signature="runScenario(io.cucumber.testng.PickleWrapper,io.cucumber.testng.FeatureWrapper)[pri:0, instance:org.qabrains.runner.qa.LoginTestRunner@5395ea39]" started-at="2026-02-04T23:11:18 IST" name="runScenario" description="Runs Cucumber Scenarios" data-provider="scenarios" finished-at="2026-02-04T23:11:28 IST" duration-ms="9266" status="PASS">
          <params>
            <param index="0">
              <value>
                <![CDATA["Login with multiple data of Excel"]]>
              </value>
            </param>
            <param index="1">
              <value>
                <![CDATA["Login Functionality  of QABrains site"]]>
              </value>
            </param>
          </params>
          <reporter-output>
          </reporter-output>
        </test-method> <!-- runScenario -->
        <test-method is-config="true" signature="tearDownClass()[pri:0, instance:org.qabrains.runner.qa.LoginTestRunner@5395ea39]" started-at="2026-02-04T23:11:28 IST" name="tearDownClass" finished-at="2026-02-04T23:11:28 IST" duration-ms="124" status="PASS">
          <reporter-output>
          </reporter-output>
        </test-method> <!-- tearDownClass -->
      </class> <!-- org.qabrains.runner.qa.LoginTestRunner -->
    </test> <!-- QABrain Site LoginTest -->
  </suite> <!-- Suite -->
</testng-results>
