<?xml version="1.0" encoding="UTF-8"?>
<testng-results ignored="0" total="5" passed="5" failed="0" skipped="0">
  <reporter-output>
  </reporter-output>
  <suite started-at="2026-02-04T19:49:14 IST" name="Suite" finished-at="2026-02-04T19:50:47 IST" duration-ms="92583">
    <groups>
      <group name="cucumber">
        <method signature="AbstractTestNGCucumberTests.runScenario(io.cucumber.testng.PickleWrapper,io.cucumber.testng.FeatureWrapper)[pri:0, instance:org.qabrains.runner.qa.LoginTestRunner@5395ea39]" name="runScenario" class="io.cucumber.testng.AbstractTestNGCucumberTests"/>
        <method signature="AbstractTestNGCucumberTests.runScenario(io.cucumber.testng.PickleWrapper,io.cucumber.testng.FeatureWrapper)[pri:0, instance:org.qabrains.runner.qa.RegistrationTestRunner@7004e3d]" name="runScenario" class="io.cucumber.testng.AbstractTestNGCucumberTests"/>
        <method signature="AbstractTestNGCucumberTests.runScenario(io.cucumber.testng.PickleWrapper,io.cucumber.testng.FeatureWrapper)[pri:0, instance:org.qabrains.runner.qa.EcommerceTestRunner@588ffeb]" name="runScenario" class="io.cucumber.testng.AbstractTestNGCucumberTests"/>
      </group> <!-- cucumber -->
    </groups>
    <test started-at="2026-02-04T19:49:14 IST" name="QABrain Site LoginTest" finished-at="2026-02-04T19:49:51 IST" duration-ms="36963">
      <class name="org.qabrains.runner.qa.LoginTestRunner">
        <test-method is-config="true" signature="setUpClass(org.testng.ITestContext)[pri:0, instance:org.qabrains.runner.qa.LoginTestRunner@5395ea39]" started-at="2026-02-04T19:49:14 IST" name="setUpClass" finished-at="2026-02-04T19:49:16 IST" duration-ms="1441" status="PASS">
          <params>
            <param index="0">
              <value>
                <![CDATA[org.testng.TestRunner@4b475742]]>
              </value>
            </param>
          </params>
          <reporter-output>
          </reporter-output>
        </test-method> <!-- setUpClass -->
        <test-method signature="runScenario(io.cucumber.testng.PickleWrapper,io.cucumber.testng.FeatureWrapper)[pri:0, instance:org.qabrains.runner.qa.LoginTestRunner@5395ea39]" started-at="2026-02-04T19:49:16 IST" name="runScenario" description="Runs Cucumber Scenarios" data-provider="scenarios" finished-at="2026-02-04T19:49:34 IST" duration-ms="18585" status="PASS">
          <params>
            <param index="0">
              <value>
                <![CDATA["Login with multiple data of Excel"]]>
              </value>
            </param>
            <param index="1">
              <value>
                <![CDATA["Login Functionality  of QABrains site"]]>
              </value>
            </param>
          </params>
          <reporter-output>
          </reporter-output>
        </test-method> <!-- runScenario -->
        <test-method signature="runScenario(io.cucumber.testng.PickleWrapper,io.cucumber.testng.FeatureWrapper)[pri:0, instance:org.qabrains.runner.qa.LoginTestRunner@5395ea39]" started-at="2026-02-04T19:49:35 IST" name="runScenario" description="Runs Cucumber Scenarios" data-provider="scenarios" finished-at="2026-02-04T19:49:51 IST" duration-ms="16261" status="PASS">
          <params>
            <param index="0">
              <value>
                <![CDATA["Login with multiple data of Excel"]]>
              </value>
            </param>
            <param index="1">
              <value>
                <![CDATA["Login Functionality  of QABrains site"]]>
              </value>
            </param>
          </params>
          <reporter-output>
          </reporter-output>
        </test-method> <!-- runScenario -->
        <test-method is-config="true" signature="tearDownClass()[pri:0, instance:org.qabrains.runner.qa.LoginTestRunner@5395ea39]" started-at="2026-02-04T19:49:51 IST" name="tearDownClass" finished-at="2026-02-04T19:49:51 IST" duration-ms="198" status="PASS">
          <reporter-output>
          </reporter-output>
        </test-method> <!-- tearDownClass -->
      </class> <!-- org.qabrains.runner.qa.LoginTestRunner -->
    </test> <!-- QABrain Site LoginTest -->
    <test started-at="2026-02-04T19:49:52 IST" name="QABrain Site RegistrationTest" finished-at="2026-02-04T19:50:14 IST" duration-ms="21650">
      <class name="org.qabrains.runner.qa.RegistrationTestRunner">
        <test-method is-config="true" signature="setUpClass(org.testng.ITestContext)[pri:0, instance:org.qabrains.runner.qa.RegistrationTestRunner@7004e3d]" started-at="2026-02-04T19:49:52 IST" name="setUpClass" finished-at="2026-02-04T19:49:52 IST" duration-ms="55" status="PASS">
          <params>
            <param index="0">
              <value>
                <![CDATA[org.testng.TestRunner@323c6f9c]]>
              </value>
            </param>
          </params>
          <reporter-output>
          </reporter-output>
        </test-method> <!-- setUpClass -->
        <test-method signature="runScenario(io.cucumber.testng.PickleWrapper,io.cucumber.testng.FeatureWrapper)[pri:0, instance:org.qabrains.runner.qa.RegistrationTestRunner@7004e3d]" started-at="2026-02-04T19:49:52 IST" name="runScenario" description="Runs Cucumber Scenarios" data-provider="scenarios" finished-at="2026-02-04T19:50:14 IST" duration-ms="21485" status="PASS">
          <params>
            <param index="0">
              <value>
                <![CDATA["Validate the Registration Page"]]>
              </value>
            </param>
            <param index="1">
              <value>
                <![CDATA["Registration Functionality of QABranis"]]>
              </value>
            </param>
          </params>
          <reporter-output>
          </reporter-output>
        </test-method> <!-- runScenario -->
        <test-method is-config="true" signature="tearDownClass()[pri:0, instance:org.qabrains.runner.qa.RegistrationTestRunner@7004e3d]" started-at="2026-02-04T19:50:14 IST" name="tearDownClass" finished-at="2026-02-04T19:50:14 IST" duration-ms="96" status="PASS">
          <reporter-output>
          </reporter-output>
        </test-method> <!-- tearDownClass -->
      </class> <!-- org.qabrains.runner.qa.RegistrationTestRunner -->
    </test> <!-- QABrain Site RegistrationTest -->
    <test started-at="2026-02-04T19:50:14 IST" name="QABrain Site EcommerceTest" finished-at="2026-02-04T19:50:47 IST" duration-ms="32631">
      <class name="org.qabrains.runner.qa.EcommerceTestRunner">
        <test-method is-config="true" signature="setUpClass(org.testng.ITestContext)[pri:0, instance:org.qabrains.runner.qa.EcommerceTestRunner@588ffeb]" started-at="2026-02-04T19:50:14 IST" name="setUpClass" finished-at="2026-02-04T19:50:14 IST" duration-ms="44" status="PASS">
          <params>
            <param index="0">
              <value>
                <![CDATA[org.testng.TestRunner@dbca149]]>
              </value>
            </param>
          </params>
          <reporter-output>
          </reporter-output>
        </test-method> <!-- setUpClass -->
        <test-method signature="runScenario(io.cucumber.testng.PickleWrapper,io.cucumber.testng.FeatureWrapper)[pri:0, instance:org.qabrains.runner.qa.EcommerceTestRunner@588ffeb]" started-at="2026-02-04T19:50:14 IST" name="runScenario" description="Runs Cucumber Scenarios" data-provider="scenarios" finished-at="2026-02-04T19:50:32 IST" duration-ms="18402" status="PASS">
          <params>
            <param index="0">
              <value>
                <![CDATA["E-Commerce Site Login with multiple sets of Data"]]>
              </value>
            </param>
            <param index="1">
              <value>
                <![CDATA["E-Commerce Site Functionality of QABrains"]]>
              </value>
            </param>
          </params>
          <reporter-output>
          </reporter-output>
        </test-method> <!-- runScenario -->
        <test-method signature="runScenario(io.cucumber.testng.PickleWrapper,io.cucumber.testng.FeatureWrapper)[pri:0, instance:org.qabrains.runner.qa.EcommerceTestRunner@588ffeb]" started-at="2026-02-04T19:50:32 IST" name="runScenario" description="Runs Cucumber Scenarios" data-provider="scenarios" finished-at="2026-02-04T19:50:47 IST" duration-ms="14100" status="PASS">
          <params>
            <param index="0">
              <value>
                <![CDATA["E-Commerce Site Login with multiple sets of Data"]]>
              </value>
            </param>
            <param index="1">
              <value>
                <![CDATA["E-Commerce Site Functionality of QABrains"]]>
              </value>
            </param>
          </params>
          <reporter-output>
          </reporter-output>
        </test-method> <!-- runScenario -->
        <test-method is-config="true" signature="tearDownClass()[pri:0, instance:org.qabrains.runner.qa.EcommerceTestRunner@588ffeb]" started-at="2026-02-04T19:50:47 IST" name="tearDownClass" finished-at="2026-02-04T19:50:47 IST" duration-ms="49" status="PASS">
          <reporter-output>
          </reporter-output>
        </test-method> <!-- tearDownClass -->
      </class> <!-- org.qabrains.runner.qa.EcommerceTestRunner -->
    </test> <!-- QABrain Site EcommerceTest -->
  </suite> <!-- Suite -->
</testng-results>
