<?xml version="1.0" encoding="UTF-8"?>
<testng-results ignored="0" total="5" passed="5" failed="0" skipped="0">
  <reporter-output>
  </reporter-output>
  <suite started-at="2026-02-05T02:42:33 IST" name="Suite" finished-at="2026-02-05T02:43:42 IST" duration-ms="69272">
    <groups>
      <group name="cucumber">
        <method signature="AbstractTestNGCucumberTests.runScenario(io.cucumber.testng.PickleWrapper,io.cucumber.testng.FeatureWrapper)[pri:0, instance:org.qabrains.runner.qa.LoginTestRunner@5395ea39]" name="runScenario" class="io.cucumber.testng.AbstractTestNGCucumberTests"/>
        <method signature="AbstractTestNGCucumberTests.runScenario(io.cucumber.testng.PickleWrapper,io.cucumber.testng.FeatureWrapper)[pri:0, instance:org.qabrains.runner.qa.RegistrationTestRunner@7004e3d]" name="runScenario" class="io.cucumber.testng.AbstractTestNGCucumberTests"/>
        <method signature="AbstractTestNGCucumberTests.runScenario(io.cucumber.testng.PickleWrapper,io.cucumber.testng.FeatureWrapper)[pri:0, instance:org.qabrains.runner.qa.EcommerceTestRunner@588ffeb]" name="runScenario" class="io.cucumber.testng.AbstractTestNGCucumberTests"/>
      </group> <!-- cucumber -->
    </groups>
    <test started-at="2026-02-05T02:42:33 IST" name="QABrain Site LoginTest" finished-at="2026-02-05T02:43:00 IST" duration-ms="27662">
      <class name="org.qabrains.runner.qa.LoginTestRunner">
        <test-method is-config="true" signature="setUpClass(org.testng.ITestContext)[pri:0, instance:org.qabrains.runner.qa.LoginTestRunner@5395ea39]" started-at="2026-02-05T02:42:33 IST" name="setUpClass" finished-at="2026-02-05T02:42:34 IST" duration-ms="1464" status="PASS">
          <params>
            <param index="0">
              <value>
                <![CDATA[org.testng.TestRunner@2419a5db]]>
              </value>
            </param>
          </params>
          <reporter-output>
          </reporter-output>
        </test-method> <!-- setUpClass -->
        <test-method signature="runScenario(io.cucumber.testng.PickleWrapper,io.cucumber.testng.FeatureWrapper)[pri:0, instance:org.qabrains.runner.qa.LoginTestRunner@5395ea39]" started-at="2026-02-05T02:42:34 IST" name="runScenario" description="Runs Cucumber Scenarios" data-provider="scenarios" finished-at="2026-02-05T02:42:48 IST" duration-ms="13988" status="PASS">
          <params>
            <param index="0">
              <value>
                <![CDATA["Login with multiple data of Excel"]]>
              </value>
            </param>
            <param index="1">
              <value>
                <![CDATA["Login Functionality  of QABrains site"]]>
              </value>
            </param>
          </params>
          <reporter-output>
          </reporter-output>
        </test-method> <!-- runScenario -->
        <test-method signature="runScenario(io.cucumber.testng.PickleWrapper,io.cucumber.testng.FeatureWrapper)[pri:0, instance:org.qabrains.runner.qa.LoginTestRunner@5395ea39]" started-at="2026-02-05T02:42:48 IST" name="runScenario" description="Runs Cucumber Scenarios" data-provider="scenarios" finished-at="2026-02-05T02:43:00 IST" duration-ms="11747" status="PASS">
          <params>
            <param index="0">
              <value>
                <![CDATA["Login with multiple data of Excel"]]>
              </value>
            </param>
            <param index="1">
              <value>
                <![CDATA["Login Functionality  of QABrains site"]]>
              </value>
            </param>
          </params>
          <reporter-output>
          </reporter-output>
        </test-method> <!-- runScenario -->
        <test-method is-config="true" signature="tearDownClass()[pri:0, instance:org.qabrains.runner.qa.LoginTestRunner@5395ea39]" started-at="2026-02-05T02:43:00 IST" name="tearDownClass" finished-at="2026-02-05T02:43:00 IST" duration-ms="125" status="PASS">
          <reporter-output>
          </reporter-output>
        </test-method> <!-- tearDownClass -->
      </class> <!-- org.qabrains.runner.qa.LoginTestRunner -->
    </test> <!-- QABrain Site LoginTest -->
    <test started-at="2026-02-05T02:43:01 IST" name="QABrain Site RegistrationTest" finished-at="2026-02-05T02:43:19 IST" duration-ms="18629">
      <class name="org.qabrains.runner.qa.RegistrationTestRunner">
        <test-method is-config="true" signature="setUpClass(org.testng.ITestContext)[pri:0, instance:org.qabrains.runner.qa.RegistrationTestRunner@7004e3d]" started-at="2026-02-05T02:43:01 IST" name="setUpClass" finished-at="2026-02-05T02:43:01 IST" duration-ms="28" status="PASS">
          <params>
            <param index="0">
              <value>
                <![CDATA[org.testng.TestRunner@52bb3dcd]]>
              </value>
            </param>
          </params>
          <reporter-output>
          </reporter-output>
        </test-method> <!-- setUpClass -->
        <test-method signature="runScenario(io.cucumber.testng.PickleWrapper,io.cucumber.testng.FeatureWrapper)[pri:0, instance:org.qabrains.runner.qa.RegistrationTestRunner@7004e3d]" started-at="2026-02-05T02:43:01 IST" name="runScenario" description="Runs Cucumber Scenarios" data-provider="scenarios" finished-at="2026-02-05T02:43:19 IST" duration-ms="18557" status="PASS">
          <params>
            <param index="0">
              <value>
                <![CDATA["Validate the Registration Page"]]>
              </value>
            </param>
            <param index="1">
              <value>
                <![CDATA["Registration Functionality of QABranis"]]>
              </value>
            </param>
          </params>
          <reporter-output>
          </reporter-output>
        </test-method> <!-- runScenario -->
        <test-method is-config="true" signature="tearDownClass()[pri:0, instance:org.qabrains.runner.qa.RegistrationTestRunner@7004e3d]" started-at="2026-02-05T02:43:19 IST" name="tearDownClass" finished-at="2026-02-05T02:43:19 IST" duration-ms="34" status="PASS">
          <reporter-output>
          </reporter-output>
        </test-method> <!-- tearDownClass -->
      </class> <!-- org.qabrains.runner.qa.RegistrationTestRunner -->
    </test> <!-- QABrain Site RegistrationTest -->
    <test started-at="2026-02-05T02:43:19 IST" name="QABrain Site EcommerceTest" finished-at="2026-02-05T02:43:42 IST" duration-ms="22403">
      <class name="org.qabrains.runner.qa.EcommerceTestRunner">
        <test-method is-config="true" signature="setUpClass(org.testng.ITestContext)[pri:0, instance:org.qabrains.runner.qa.EcommerceTestRunner@588ffeb]" started-at="2026-02-05T02:43:19 IST" name="setUpClass" finished-at="2026-02-05T02:43:20 IST" duration-ms="20" status="PASS">
          <params>
            <param index="0">
              <value>
                <![CDATA[org.testng.TestRunner@654db80b]]>
              </value>
            </param>
          </params>
          <reporter-output>
          </reporter-output>
        </test-method> <!-- setUpClass -->
        <test-method signature="runScenario(io.cucumber.testng.PickleWrapper,io.cucumber.testng.FeatureWrapper)[pri:0, instance:org.qabrains.runner.qa.EcommerceTestRunner@588ffeb]" started-at="2026-02-05T02:43:20 IST" name="runScenario" description="Runs Cucumber Scenarios" data-provider="scenarios" finished-at="2026-02-05T02:43:31 IST" duration-ms="11496" status="PASS">
          <params>
            <param index="0">
              <value>
                <![CDATA["E-Commerce Site Login with multiple sets of Data"]]>
              </value>
            </param>
            <param index="1">
              <value>
                <![CDATA["E-Commerce Site Functionality of QABrains"]]>
              </value>
            </param>
          </params>
          <reporter-output>
          </reporter-output>
        </test-method> <!-- runScenario -->
        <test-method signature="runScenario(io.cucumber.testng.PickleWrapper,io.cucumber.testng.FeatureWrapper)[pri:0, instance:org.qabrains.runner.qa.EcommerceTestRunner@588ffeb]" started-at="2026-02-05T02:43:31 IST" name="runScenario" description="Runs Cucumber Scenarios" data-provider="scenarios" finished-at="2026-02-05T02:43:42 IST" duration-ms="10845" status="PASS">
          <params>
            <param index="0">
              <value>
                <![CDATA["E-Commerce Site Login with multiple sets of Data"]]>
              </value>
            </param>
            <param index="1">
              <value>
                <![CDATA["E-Commerce Site Functionality of QABrains"]]>
              </value>
            </param>
          </params>
          <reporter-output>
          </reporter-output>
        </test-method> <!-- runScenario -->
        <test-method is-config="true" signature="tearDownClass()[pri:0, instance:org.qabrains.runner.qa.EcommerceTestRunner@588ffeb]" started-at="2026-02-05T02:43:42 IST" name="tearDownClass" finished-at="2026-02-05T02:43:42 IST" duration-ms="27" status="PASS">
          <reporter-output>
          </reporter-output>
        </test-method> <!-- tearDownClass -->
      </class> <!-- org.qabrains.runner.qa.EcommerceTestRunner -->
    </test> <!-- QABrain Site EcommerceTest -->
  </suite> <!-- Suite -->
</testng-results>
