<?xml version="1.0" encoding="UTF-8"?>
<testng-results ignored="0" total="5" passed="5" failed="0" skipped="0">
  <reporter-output>
  </reporter-output>
  <suite started-at="2026-02-04T18:50:25 IST" name="Suite" finished-at="2026-02-04T18:51:41 IST" duration-ms="76078">
    <groups>
      <group name="cucumber">
        <method signature="AbstractTestNGCucumberTests.runScenario(io.cucumber.testng.PickleWrapper,io.cucumber.testng.FeatureWrapper)[pri:0, instance:org.qabrains.runner.qa.LoginTestRunner@5395ea39]" name="runScenario" class="io.cucumber.testng.AbstractTestNGCucumberTests"/>
        <method signature="AbstractTestNGCucumberTests.runScenario(io.cucumber.testng.PickleWrapper,io.cucumber.testng.FeatureWrapper)[pri:0, instance:org.qabrains.runner.qa.RegistrationTestRunner@7004e3d]" name="runScenario" class="io.cucumber.testng.AbstractTestNGCucumberTests"/>
        <method signature="AbstractTestNGCucumberTests.runScenario(io.cucumber.testng.PickleWrapper,io.cucumber.testng.FeatureWrapper)[pri:0, instance:org.qabrains.runner.qa.EcommerceTestRunner@588ffeb]" name="runScenario" class="io.cucumber.testng.AbstractTestNGCucumberTests"/>
      </group> <!-- cucumber -->
    </groups>
    <test started-at="2026-02-04T18:50:25 IST" name="QABrain Site LoginTest" finished-at="2026-02-04T18:50:52 IST" duration-ms="27275">
      <class name="org.qabrains.runner.qa.LoginTestRunner">
        <test-method is-config="true" signature="setUpClass(org.testng.ITestContext)[pri:0, instance:org.qabrains.runner.qa.LoginTestRunner@5395ea39]" started-at="2026-02-04T18:50:25 IST" name="setUpClass" finished-at="2026-02-04T18:50:26 IST" duration-ms="1149" status="PASS">
          <params>
            <param index="0">
              <value>
                <![CDATA[org.testng.TestRunner@3e5c7588]]>
              </value>
            </param>
          </params>
          <reporter-output>
          </reporter-output>
        </test-method> <!-- setUpClass -->
        <test-method signature="runScenario(io.cucumber.testng.PickleWrapper,io.cucumber.testng.FeatureWrapper)[pri:0, instance:org.qabrains.runner.qa.LoginTestRunner@5395ea39]" started-at="2026-02-04T18:50:26 IST" name="runScenario" description="Runs Cucumber Scenarios" data-provider="scenarios" finished-at="2026-02-04T18:50:41 IST" duration-ms="15550" status="PASS">
          <params>
            <param index="0">
              <value>
                <![CDATA["Login with multiple data of Excel"]]>
              </value>
            </param>
            <param index="1">
              <value>
                <![CDATA["Login Functionality  of QABrains site"]]>
              </value>
            </param>
          </params>
          <reporter-output>
          </reporter-output>
        </test-method> <!-- runScenario -->
        <test-method signature="runScenario(io.cucumber.testng.PickleWrapper,io.cucumber.testng.FeatureWrapper)[pri:0, instance:org.qabrains.runner.qa.LoginTestRunner@5395ea39]" started-at="2026-02-04T18:50:42 IST" name="runScenario" description="Runs Cucumber Scenarios" data-provider="scenarios" finished-at="2026-02-04T18:50:52 IST" duration-ms="10132" status="PASS">
          <params>
            <param index="0">
              <value>
                <![CDATA["Login with multiple data of Excel"]]>
              </value>
            </param>
            <param index="1">
              <value>
                <![CDATA["Login Functionality  of QABrains site"]]>
              </value>
            </param>
          </params>
          <reporter-output>
          </reporter-output>
        </test-method> <!-- runScenario -->
        <test-method is-config="true" signature="tearDownClass()[pri:0, instance:org.qabrains.runner.qa.LoginTestRunner@5395ea39]" started-at="2026-02-04T18:50:52 IST" name="tearDownClass" finished-at="2026-02-04T18:50:52 IST" duration-ms="140" status="PASS">
          <reporter-output>
          </reporter-output>
        </test-method> <!-- tearDownClass -->
      </class> <!-- org.qabrains.runner.qa.LoginTestRunner -->
    </test> <!-- QABrain Site LoginTest -->
    <test started-at="2026-02-04T18:50:53 IST" name="QABrain Site RegistrationTest" finished-at="2026-02-04T18:51:11 IST" duration-ms="18334">
      <class name="org.qabrains.runner.qa.RegistrationTestRunner">
        <test-method is-config="true" signature="setUpClass(org.testng.ITestContext)[pri:0, instance:org.qabrains.runner.qa.RegistrationTestRunner@7004e3d]" started-at="2026-02-04T18:50:53 IST" name="setUpClass" finished-at="2026-02-04T18:50:53 IST" duration-ms="47" status="PASS">
          <params>
            <param index="0">
              <value>
                <![CDATA[org.testng.TestRunner@5b2ff4df]]>
              </value>
            </param>
          </params>
          <reporter-output>
          </reporter-output>
        </test-method> <!-- setUpClass -->
        <test-method signature="runScenario(io.cucumber.testng.PickleWrapper,io.cucumber.testng.FeatureWrapper)[pri:0, instance:org.qabrains.runner.qa.RegistrationTestRunner@7004e3d]" started-at="2026-02-04T18:50:53 IST" name="runScenario" description="Runs Cucumber Scenarios" data-provider="scenarios" finished-at="2026-02-04T18:51:11 IST" duration-ms="18209" status="PASS">
          <params>
            <param index="0">
              <value>
                <![CDATA["Validate the Registration Page"]]>
              </value>
            </param>
            <param index="1">
              <value>
                <![CDATA["Registration Functionality of QABranis"]]>
              </value>
            </param>
          </params>
          <reporter-output>
          </reporter-output>
        </test-method> <!-- runScenario -->
        <test-method is-config="true" signature="tearDownClass()[pri:0, instance:org.qabrains.runner.qa.RegistrationTestRunner@7004e3d]" started-at="2026-02-04T18:51:11 IST" name="tearDownClass" finished-at="2026-02-04T18:51:11 IST" duration-ms="66" status="PASS">
          <reporter-output>
          </reporter-output>
        </test-method> <!-- tearDownClass -->
      </class> <!-- org.qabrains.runner.qa.RegistrationTestRunner -->
    </test> <!-- QABrain Site RegistrationTest -->
    <test started-at="2026-02-04T18:51:11 IST" name="QABrain Site EcommerceTest" finished-at="2026-02-04T18:51:41 IST" duration-ms="29637">
      <class name="org.qabrains.runner.qa.EcommerceTestRunner">
        <test-method is-config="true" signature="setUpClass(org.testng.ITestContext)[pri:0, instance:org.qabrains.runner.qa.EcommerceTestRunner@588ffeb]" started-at="2026-02-04T18:51:11 IST" name="setUpClass" finished-at="2026-02-04T18:51:11 IST" duration-ms="23" status="PASS">
          <params>
            <param index="0">
              <value>
                <![CDATA[org.testng.TestRunner@23dff243]]>
              </value>
            </param>
          </params>
          <reporter-output>
          </reporter-output>
        </test-method> <!-- setUpClass -->
        <test-method signature="runScenario(io.cucumber.testng.PickleWrapper,io.cucumber.testng.FeatureWrapper)[pri:0, instance:org.qabrains.runner.qa.EcommerceTestRunner@588ffeb]" started-at="2026-02-04T18:51:11 IST" name="runScenario" description="Runs Cucumber Scenarios" data-provider="scenarios" finished-at="2026-02-04T18:51:26 IST" duration-ms="14870" status="PASS">
          <params>
            <param index="0">
              <value>
                <![CDATA["E-Commerce Site Login with multiple sets of Data"]]>
              </value>
            </param>
            <param index="1">
              <value>
                <![CDATA["E-Commerce Site Functionality of QABrains"]]>
              </value>
            </param>
          </params>
          <reporter-output>
          </reporter-output>
        </test-method> <!-- runScenario -->
        <test-method signature="runScenario(io.cucumber.testng.PickleWrapper,io.cucumber.testng.FeatureWrapper)[pri:0, instance:org.qabrains.runner.qa.EcommerceTestRunner@588ffeb]" started-at="2026-02-04T18:51:26 IST" name="runScenario" description="Runs Cucumber Scenarios" data-provider="scenarios" finished-at="2026-02-04T18:51:41 IST" duration-ms="14681" status="PASS">
          <params>
            <param index="0">
              <value>
                <![CDATA["E-Commerce Site Login with multiple sets of Data"]]>
              </value>
            </param>
            <param index="1">
              <value>
                <![CDATA["E-Commerce Site Functionality of QABrains"]]>
              </value>
            </param>
          </params>
          <reporter-output>
          </reporter-output>
        </test-method> <!-- runScenario -->
        <test-method is-config="true" signature="tearDownClass()[pri:0, instance:org.qabrains.runner.qa.EcommerceTestRunner@588ffeb]" started-at="2026-02-04T18:51:41 IST" name="tearDownClass" finished-at="2026-02-04T18:51:41 IST" duration-ms="42" status="PASS">
          <reporter-output>
          </reporter-output>
        </test-method> <!-- tearDownClass -->
      </class> <!-- org.qabrains.runner.qa.EcommerceTestRunner -->
    </test> <!-- QABrain Site EcommerceTest -->
  </suite> <!-- Suite -->
</testng-results>
