<?xml version="1.0" encoding="UTF-8"?>
<!-- Generated by org.testng.reporters.JUnitReportReporter -->
<testsuite hostname="Hrushikeshs-Air" failures="0" tests="2" name="org.qabrains.runner.qa.LoginTestRunner" time="38.790" errors="0" timestamp="2026-01-17T20:00:23 IST" skipped="0">
  <testcase classname="org.qabrains.runner.qa.LoginTestRunner" name="runScenario" time="26.572"/>
  <testcase classname="org.qabrains.runner.qa.LoginTestRunner" name="runScenario" time="12.218"/>
</testsuite> <!-- org.qabrains.runner.qa.LoginTestRunner -->
