<?xml version="1.0" encoding="UTF-8"?>
<!-- Generated by org.testng.reporters.JUnitReportReporter -->
<testsuite hostname="Hrushikeshs-Air" failures="0" tests="2" name="org.qabrains.runner.qa.LoginTestRunner2" time="15.876" errors="0" timestamp="2026-01-15T03:36:56 IST" skipped="0">
  <testcase classname="org.qabrains.runner.qa.LoginTestRunner2" name="runScenario" time="7.587"/>
  <testcase classname="org.qabrains.runner.qa.LoginTestRunner2" name="runScenario" time="8.289"/>
</testsuite> <!-- org.qabrains.runner.qa.LoginTestRunner2 -->
