<?xml version="1.0" encoding="UTF-8"?>
<!-- Generated by org.testng.reporters.JUnitReportReporter -->
<testsuite hostname="Hrushikeshs-Air" failures="0" tests="2" name="org.qabrains.test.qa.TestRunner" time="28.048" errors="1" timestamp="2026-01-12T14:51:00 IST" skipped="0">
  <testcase classname="org.qabrains.test.qa.TestRunner" name="runScenario" time="22.826"/>
  <testcase classname="org.qabrains.test.qa.TestRunner" name="runScenario" time="5.222">
    <error message="Cannot invoke &quot;org.qabrains.pages.qa.RegistrationPage.registration()&quot; because &quot;this.regPage&quot; is null" type="java.lang.NullPointerException">
      <![CDATA[java.lang.NullPointerException: Cannot invoke "org.qabrains.pages.qa.RegistrationPage.registration()" because "this.regPage" is null
at org.qabrains.stepdefination.qa.RegistrationPageStepDef.user_is_on_click_on_registration_link(RegistrationPageStepDef.java:15)
at ✽.User is on click on Registration link(file:///Users/hrushi/Desktop/Priyanka/eclipse_workspace/QABrainsProject/src/main/resources/features/registration.feature:3)
]]>
    </error>
  </testcase> <!-- runScenario -->
</testsuite> <!-- org.qabrains.test.qa.TestRunner -->
