<?xml version="1.0" encoding="UTF-8"?>
<!-- Generated by org.testng.reporters.JUnitReportReporter -->
<testsuite hostname="Hrushikeshs-Air" failures="0" tests="2" name="org.qabrains.runner.qa.LoginTestRunner" time="20.024" errors="0" timestamp="2026-02-04T22:56:24 IST" skipped="0">
  <testcase classname="org.qabrains.runner.qa.LoginTestRunner" name="runScenario" time="13.881"/>
  <testcase classname="org.qabrains.runner.qa.LoginTestRunner" name="runScenario" time="6.143"/>
</testsuite> <!-- org.qabrains.runner.qa.LoginTestRunner -->
