<?xml version="1.0" encoding="UTF-8"?>
<!-- Generated by org.testng.reporters.JUnitReportReporter -->
<testsuite hostname="Hrushikeshs-Air" failures="0" tests="2" name="org.qabrains.runner.qa.EcommerceTestRunner" time="23.996" errors="0" timestamp="2026-02-05T02:40:58 IST" skipped="0">
  <testcase classname="org.qabrains.runner.qa.EcommerceTestRunner" name="runScenario" time="11.315"/>
  <testcase classname="org.qabrains.runner.qa.EcommerceTestRunner" name="runScenario" time="12.681"/>
</testsuite> <!-- org.qabrains.runner.qa.EcommerceTestRunner -->
