<?xml version="1.0" encoding="UTF-8"?>
<!-- Generated by org.testng.reporters.JUnitReportReporter -->
<testsuite hostname="Hrushikeshs-Air" failures="0" tests="2" name="org.qabrains.runner.qa.EcommerceTestRunner" time="32.502" errors="0" timestamp="2026-02-04T19:50:47 IST" skipped="0">
  <testcase classname="org.qabrains.runner.qa.EcommerceTestRunner" name="runScenario" time="14.100"/>
  <testcase classname="org.qabrains.runner.qa.EcommerceTestRunner" name="runScenario" time="18.402"/>
</testsuite> <!-- org.qabrains.runner.qa.EcommerceTestRunner -->
