<?xml version="1.0" encoding="UTF-8"?>
<!-- Generated by org.testng.reporters.JUnitReportReporter -->
<testsuite hostname="Hrushikeshs-Air" failures="0" tests="2" name="org.qabrains.runner.qa.EcommerceTestRunner" time="29.551" errors="0" timestamp="2026-02-04T18:51:41 IST" skipped="0">
  <testcase classname="org.qabrains.runner.qa.EcommerceTestRunner" name="runScenario" time="14.681"/>
  <testcase classname="org.qabrains.runner.qa.EcommerceTestRunner" name="runScenario" time="14.870"/>
</testsuite> <!-- org.qabrains.runner.qa.EcommerceTestRunner -->
