<?xml version="1.0" encoding="UTF-8"?>
<!-- Generated by org.testng.reporters.JUnitReportReporter -->
<testsuite hostname="Hrushikeshs-Air" failures="0" tests="3" name="org.qabrains.runner.qa.TestRunner" time="37.252" errors="0" timestamp="2026-01-15T03:23:10 IST" skipped="0">
  <testcase classname="org.qabrains.runner.qa.TestRunner" name="runScenario" time="8.927"/>
  <testcase classname="org.qabrains.runner.qa.TestRunner" name="runScenario" time="14.133"/>
  <testcase classname="org.qabrains.runner.qa.TestRunner" name="runScenario" time="14.192"/>
</testsuite> <!-- org.qabrains.runner.qa.TestRunner -->
